mode: set
github.com/pfnilsson/getboy/internal/ui/commands.go:13.47,14.24 1 1
github.com/pfnilsson/getboy/internal/ui/commands.go:14.24,19.17 4 1
github.com/pfnilsson/getboy/internal/ui/commands.go:19.17,21.4 1 1
github.com/pfnilsson/getboy/internal/ui/commands.go:22.3,23.17 2 1
github.com/pfnilsson/getboy/internal/ui/commands.go:23.17,25.4 1 1
github.com/pfnilsson/getboy/internal/ui/commands.go:26.3,26.17 1 1
github.com/pfnilsson/getboy/internal/ui/commands.go:26.17,28.4 1 1
github.com/pfnilsson/getboy/internal/ui/commands.go:30.3,32.17 3 1
github.com/pfnilsson/getboy/internal/ui/commands.go:32.17,34.4 1 0
github.com/pfnilsson/getboy/internal/ui/commands.go:35.3,35.16 1 1
github.com/pfnilsson/getboy/internal/ui/commands.go:35.16,35.41 1 1
github.com/pfnilsson/getboy/internal/ui/commands.go:37.3,38.17 2 1
github.com/pfnilsson/getboy/internal/ui/commands.go:38.17,40.4 1 0
github.com/pfnilsson/getboy/internal/ui/commands.go:41.3,41.59 1 1
github.com/pfnilsson/getboy/internal/ui/editor.go:9.36,12.21 2 1
github.com/pfnilsson/getboy/internal/ui/editor.go:13.19,14.32 1 1
github.com/pfnilsson/getboy/internal/ui/editor.go:15.18,16.31 1 0
github.com/pfnilsson/getboy/internal/ui/editor.go:17.15,18.28 1 0
github.com/pfnilsson/getboy/internal/ui/editor.go:22.2,34.14 3 1
github.com/pfnilsson/getboy/internal/ui/editor.go:38.41,50.43 9 1
github.com/pfnilsson/getboy/internal/ui/editor.go:50.43,51.23 1 1
github.com/pfnilsson/getboy/internal/ui/editor.go:52.17,54.31 2 1
github.com/pfnilsson/getboy/internal/ui/editor.go:55.14,57.28 2 1
github.com/pfnilsson/getboy/internal/ui/editor.go:58.15,60.29 2 1
github.com/pfnilsson/getboy/internal/ui/editor.go:64.2,74.73 8 1
github.com/pfnilsson/getboy/internal/ui/editor.go:78.40,82.2 1 0
github.com/pfnilsson/getboy/internal/ui/editor.go:85.37,89.2 1 0
github.com/pfnilsson/getboy/internal/ui/highlight.go:11.34,13.13 2 1
github.com/pfnilsson/getboy/internal/ui/highlight.go:13.13,15.3 1 0
github.com/pfnilsson/getboy/internal/ui/highlight.go:16.2,16.32 1 1
github.com/pfnilsson/getboy/internal/ui/highlight.go:16.32,18.3 1 0
github.com/pfnilsson/getboy/internal/ui/highlight.go:19.2,20.45 2 1
github.com/pfnilsson/getboy/internal/ui/highlight.go:23.34,25.54 2 1
github.com/pfnilsson/getboy/internal/ui/highlight.go:25.54,27.3 1 0
github.com/pfnilsson/getboy/internal/ui/highlight.go:28.2,33.46 6 1
github.com/pfnilsson/getboy/internal/ui/highlight.go:36.37,38.89 2 1
github.com/pfnilsson/getboy/internal/ui/highlight.go:38.89,40.3 1 0
github.com/pfnilsson/getboy/internal/ui/highlight.go:41.2,41.21 1 1
github.com/pfnilsson/getboy/internal/ui/highlight.go:45.41,46.24 1 1
github.com/pfnilsson/getboy/internal/ui/highlight.go:46.24,48.3 1 1
github.com/pfnilsson/getboy/internal/ui/highlight.go:49.2,49.13 1 0
github.com/pfnilsson/getboy/internal/ui/layout.go:3.35,12.22 6 1
github.com/pfnilsson/getboy/internal/ui/layout.go:12.22,14.3 1 1
github.com/pfnilsson/getboy/internal/ui/layout.go:15.2,15.20 1 1
github.com/pfnilsson/getboy/internal/ui/layout.go:15.20,17.3 1 0
github.com/pfnilsson/getboy/internal/ui/layout.go:19.2,25.32 7 1
github.com/pfnilsson/getboy/internal/ui/layout.go:28.37,33.2 3 1
github.com/pfnilsson/getboy/internal/ui/layout.go:35.35,37.2 1 1
github.com/pfnilsson/getboy/internal/ui/model.go:35.22,92.2 29 1
github.com/pfnilsson/getboy/internal/ui/model.go:94.31,94.45 1 0
github.com/pfnilsson/getboy/internal/ui/model.go:96.28,100.2 3 1
github.com/pfnilsson/getboy/internal/ui/model.go:102.28,106.2 3 1
github.com/pfnilsson/getboy/internal/ui/model.go:108.34,111.2 2 1
github.com/pfnilsson/getboy/internal/ui/model.go:113.34,116.2 2 1
github.com/pfnilsson/getboy/internal/ui/model.go:118.27,120.2 1 1
github.com/pfnilsson/getboy/internal/ui/model.go:122.27,124.2 1 1
github.com/pfnilsson/getboy/internal/ui/model.go:126.40,128.2 1 0
github.com/pfnilsson/getboy/internal/ui/model.go:130.30,136.42 4 1
github.com/pfnilsson/getboy/internal/ui/model.go:136.42,137.23 1 1
github.com/pfnilsson/getboy/internal/ui/model.go:138.17,139.20 1 1
github.com/pfnilsson/getboy/internal/ui/model.go:140.14,141.17 1 1
github.com/pfnilsson/getboy/internal/ui/model.go:142.15,143.18 1 0
github.com/pfnilsson/getboy/internal/ui/model.go:148.43,150.13 2 1
github.com/pfnilsson/getboy/internal/ui/model.go:150.13,152.3 1 1
github.com/pfnilsson/getboy/internal/ui/model.go:153.2,153.75 1 1
github.com/pfnilsson/getboy/internal/ui/model.go:153.75,155.3 1 1
github.com/pfnilsson/getboy/internal/ui/model.go:156.2,156.10 1 1
github.com/pfnilsson/getboy/internal/ui/response.go:4.38,15.2 3 1
github.com/pfnilsson/getboy/internal/ui/sidebar.go:4.37,15.2 3 1
github.com/pfnilsson/getboy/internal/ui/styles.go:13.29,15.72 2 1
github.com/pfnilsson/getboy/internal/ui/styles.go:15.72,17.3 1 1
github.com/pfnilsson/getboy/internal/ui/styles.go:18.2,18.70 1 0
github.com/pfnilsson/getboy/internal/ui/styles.go:18.70,20.3 1 0
github.com/pfnilsson/getboy/internal/ui/styles.go:21.2,21.19 1 0
github.com/pfnilsson/getboy/internal/ui/styles.go:24.35,26.2 1 1
github.com/pfnilsson/getboy/internal/ui/styles.go:28.37,30.2 1 1
github.com/pfnilsson/getboy/internal/ui/styles.go:32.34,34.2 1 0
github.com/pfnilsson/getboy/internal/ui/styles.go:36.38,36.75 1 1
github.com/pfnilsson/getboy/internal/ui/styles.go:37.38,37.77 1 1
github.com/pfnilsson/getboy/internal/ui/styles.go:38.38,38.74 1 1
github.com/pfnilsson/getboy/internal/ui/styles.go:39.38,39.73 1 1
github.com/pfnilsson/getboy/internal/ui/styles.go:41.45,43.13 2 1
github.com/pfnilsson/getboy/internal/ui/styles.go:43.13,45.3 1 1
github.com/pfnilsson/getboy/internal/ui/styles.go:46.2,46.46 1 1
github.com/pfnilsson/getboy/internal/ui/styles.go:49.48,51.13 2 1
github.com/pfnilsson/getboy/internal/ui/styles.go:51.13,53.3 1 1
github.com/pfnilsson/getboy/internal/ui/styles.go:54.2,54.44 1 1
github.com/pfnilsson/getboy/internal/ui/styles.go:57.30,59.2 1 1
github.com/pfnilsson/getboy/internal/ui/styles.go:61.101,63.2 1 1
github.com/pfnilsson/getboy/internal/ui/styles.go:65.139,74.13 6 1
github.com/pfnilsson/getboy/internal/ui/styles.go:74.13,76.3 1 0
github.com/pfnilsson/getboy/internal/ui/styles.go:78.2,81.21 2 1
github.com/pfnilsson/getboy/internal/ui/styles.go:81.21,83.3 1 1
github.com/pfnilsson/getboy/internal/ui/styles.go:84.2,84.21 1 1
github.com/pfnilsson/getboy/internal/ui/styles.go:84.21,86.3 1 1
github.com/pfnilsson/getboy/internal/ui/styles.go:89.2,90.21 2 1
github.com/pfnilsson/getboy/internal/ui/styles.go:90.21,92.3 1 1
github.com/pfnilsson/getboy/internal/ui/styles.go:93.2,93.21 1 1
github.com/pfnilsson/getboy/internal/ui/styles.go:93.21,95.3 1 1
github.com/pfnilsson/getboy/internal/ui/styles.go:98.2,99.19 2 1
github.com/pfnilsson/getboy/internal/ui/styles.go:99.19,101.28 2 1
github.com/pfnilsson/getboy/internal/ui/styles.go:101.28,102.13 1 1
github.com/pfnilsson/getboy/internal/ui/styles.go:102.13,106.5 2 1
github.com/pfnilsson/getboy/internal/ui/styles.go:107.4,109.16 3 1
github.com/pfnilsson/getboy/internal/ui/styles.go:109.16,112.5 1 1
github.com/pfnilsson/getboy/internal/ui/styles.go:112.10,115.5 1 1
github.com/pfnilsson/getboy/internal/ui/styles.go:116.4,116.50 1 1
github.com/pfnilsson/getboy/internal/ui/styles.go:118.3,119.71 2 1
github.com/pfnilsson/getboy/internal/ui/styles.go:120.8,120.28 1 1
github.com/pfnilsson/getboy/internal/ui/styles.go:120.28,122.3 1 1
github.com/pfnilsson/getboy/internal/ui/styles.go:125.2,131.33 3 1
github.com/pfnilsson/getboy/internal/ui/styles.go:131.33,134.3 2 0
github.com/pfnilsson/getboy/internal/ui/styles.go:135.2,135.33 1 1
github.com/pfnilsson/getboy/internal/ui/styles.go:135.33,138.3 2 0
github.com/pfnilsson/getboy/internal/ui/styles.go:139.2,139.14 1 1
github.com/pfnilsson/getboy/internal/ui/styles.go:139.14,142.3 2 0
github.com/pfnilsson/getboy/internal/ui/styles.go:143.2,143.14 1 1
github.com/pfnilsson/getboy/internal/ui/styles.go:143.14,145.3 1 0
github.com/pfnilsson/getboy/internal/ui/styles.go:147.2,148.56 2 1
github.com/pfnilsson/getboy/internal/ui/types.go:35.33,37.2 1 1
github.com/pfnilsson/getboy/internal/ui/types.go:39.39,41.2 1 1
github.com/pfnilsson/getboy/internal/ui/types.go:43.39,45.2 1 0
github.com/pfnilsson/getboy/internal/ui/update.go:10.57,11.27 1 1
github.com/pfnilsson/getboy/internal/ui/update.go:12.25,15.16 3 1
github.com/pfnilsson/getboy/internal/ui/update.go:17.18,19.44 1 1
github.com/pfnilsson/getboy/internal/ui/update.go:19.44,23.4 3 1
github.com/pfnilsson/getboy/internal/ui/update.go:26.3,26.43 1 1
github.com/pfnilsson/getboy/internal/ui/update.go:26.43,28.24 2 1
github.com/pfnilsson/getboy/internal/ui/update.go:29.18,30.41 1 0
github.com/pfnilsson/getboy/internal/ui/update.go:31.15,32.35 1 1
github.com/pfnilsson/getboy/internal/ui/update.go:33.16,34.37 1 0
github.com/pfnilsson/getboy/internal/ui/update.go:36.4,36.17 1 1
github.com/pfnilsson/getboy/internal/ui/update.go:39.3,39.23 1 1
github.com/pfnilsson/getboy/internal/ui/update.go:40.22,41.22 1 0
github.com/pfnilsson/getboy/internal/ui/update.go:42.14,44.17 2 0
github.com/pfnilsson/getboy/internal/ui/update.go:45.20,47.17 2 0
github.com/pfnilsson/getboy/internal/ui/update.go:48.12,52.17 4 0
github.com/pfnilsson/getboy/internal/ui/update.go:53.12,57.17 4 0
github.com/pfnilsson/getboy/internal/ui/update.go:58.12,62.17 4 0
github.com/pfnilsson/getboy/internal/ui/update.go:63.16,64.29 1 1
github.com/pfnilsson/getboy/internal/ui/update.go:64.29,65.57 1 1
github.com/pfnilsson/getboy/internal/ui/update.go:65.57,70.6 4 1
github.com/pfnilsson/getboy/internal/ui/update.go:71.5,71.18 1 1
github.com/pfnilsson/getboy/internal/ui/update.go:73.4,74.20 2 1
github.com/pfnilsson/getboy/internal/ui/update.go:74.20,76.5 1 1
github.com/pfnilsson/getboy/internal/ui/update.go:77.4,78.36 2 1
github.com/pfnilsson/getboy/internal/ui/update.go:78.36,81.5 2 1
github.com/pfnilsson/getboy/internal/ui/update.go:82.4,85.49 4 1
github.com/pfnilsson/getboy/internal/ui/update.go:88.3,89.17 2 1
github.com/pfnilsson/getboy/internal/ui/update.go:90.20,92.17 2 0
github.com/pfnilsson/getboy/internal/ui/update.go:93.19,94.24 1 1
github.com/pfnilsson/getboy/internal/ui/update.go:95.13,98.18 3 1
github.com/pfnilsson/getboy/internal/ui/update.go:99.19,101.18 2 1
github.com/pfnilsson/getboy/internal/ui/update.go:102.21,104.18 2 1
github.com/pfnilsson/getboy/internal/ui/update.go:105.21,107.18 2 1
github.com/pfnilsson/getboy/internal/ui/update.go:108.22,110.18 2 1
github.com/pfnilsson/getboy/internal/ui/update.go:113.4,113.17 1 0
github.com/pfnilsson/getboy/internal/ui/update.go:114.21,116.17 2 0
github.com/pfnilsson/getboy/internal/ui/update.go:119.19,121.21 2 1
github.com/pfnilsson/getboy/internal/ui/update.go:121.21,126.4 4 1
github.com/pfnilsson/getboy/internal/ui/update.go:127.3,129.16 3 1
github.com/pfnilsson/getboy/internal/ui/update.go:132.2,132.15 1 0
github.com/pfnilsson/getboy/internal/ui/view.go:7.30,17.18 6 1
github.com/pfnilsson/getboy/internal/ui/view.go:17.18,19.3 1 1
github.com/pfnilsson/getboy/internal/ui/view.go:20.2,20.15 1 1
github.com/pfnilsson/getboy/internal/ui/view.go:20.15,22.3 1 1
github.com/pfnilsson/getboy/internal/ui/view.go:23.2,23.18 1 1
github.com/pfnilsson/getboy/internal/ui/view.go:23.18,25.3 1 1
github.com/pfnilsson/getboy/internal/ui/view.go:26.2,30.62 3 1
